<?xml version="1.0" encoding="UTF-8"?>
<testng-results ignored="0" total="1" passed="1" failed="0" skipped="0">
  <reporter-output>
  </reporter-output>
  <suite started-at="2023-08-31T16:04:52 IST" name="Default suite" finished-at="2023-08-31T16:04:54 IST" duration-ms="1385">
    <groups>
    </groups>
    <test started-at="2023-08-31T16:04:52 IST" name="Default test" finished-at="2023-08-31T16:04:54 IST" duration-ms="1385">
      <class name="JiraApi_sessionCookies">
        <test-method is-config="true" signature="ini()[pri:0, instance:JiraApi_sessionCookies@16610890]" started-at="2023-08-31T16:04:52 IST" name="ini" finished-at="2023-08-31T16:04:53 IST" duration-ms="549" status="PASS">
          <reporter-output>
          </reporter-output>
        </test-method> <!-- ini -->
        <test-method signature="jiralogin()[pri:0, instance:JiraApi_sessionCookies@16610890]" started-at="2023-08-31T16:04:53 IST" name="jiralogin" finished-at="2023-08-31T16:04:54 IST" duration-ms="811" status="PASS">
          <reporter-output>
          </reporter-output>
        </test-method> <!-- jiralogin -->
      </class> <!-- JiraApi_sessionCookies -->
    </test> <!-- Default test -->
  </suite> <!-- Default suite -->
</testng-results>
