<?xml version="1.0" encoding="UTF-8"?>
<!-- Generated by org.testng.reporters.JUnitReportReporter -->
<testsuite hostname="LAPTOP-T0S28OED" failures="0" tests="9" name="Basic.DynamicJSON" time="5.334" errors="0" timestamp="2023-08-28T22:18:57 IST" skipped="0">
  <testcase classname="Basic.DynamicJSON" name="aadBookPOST" time="0.173"/>
  <system-out/>
  <testcase classname="Basic.DynamicJSON" name="aadBookPOST" time="3.769"/>
  <system-out/>
  <testcase classname="Basic.DynamicJSON" name="aadBookPOST" time="0.173"/>
  <system-out/>
  <testcase classname="Basic.DynamicJSON" name="getBook" time="0.272"/>
  <system-out/>
  <testcase classname="Basic.DynamicJSON" name="getBook" time="0.219"/>
  <system-out/>
  <testcase classname="Basic.DynamicJSON" name="getBook" time="0.220"/>
  <system-out/>
  <testcase classname="Basic.DynamicJSON" name="deleteBook" time="0.182"/>
  <system-out/>
  <testcase classname="Basic.DynamicJSON" name="deleteBook" time="0.198"/>
  <system-out/>
  <testcase classname="Basic.DynamicJSON" name="deleteBook" time="0.128"/>
  <system-out/>
</testsuite> <!-- Basic.DynamicJSON -->
